# JRE version: Java(TM) SE Runtime Environment (8.0_45-b14) (build 1.8.0_45-b14)
# Java VM: Java HotSpot(TM) 64-Bit Server VM (25.45-b02 mixed mode windows-amd64 compressed oops)
Heap:
 PSYoungGen      total 90624K, used 10983K [0x00000000eab00000, 0x00000000f4100000, 0x0000000100000000)
  eden space 74752K, 6% used [0x00000000eab00000,0x00000000eafa0da8,0x00000000ef400000)
  from space 15872K, 39% used [0x00000000ef400000,0x00000000efa19018,0x00000000f0380000)
  to   space 16896K, 0% used [0x00000000f3080000,0x00000000f3080000,0x00000000f4100000)
 ParOldGen       total 44544K, used 44444K [0x00000000c0000000, 0x00000000c2b80000, 0x00000000eab00000)
  object space 44544K, 99% used [0x00000000c0000000,0x00000000c2b67000,0x00000000c2b80000)
 Metaspace       used 6455K, capacity 7256K, committed 7424K, reserved 1056768K
  class space    used 615K, capacity 656K, committed 768K, reserved 1048576K
GC Heap History (10 events):
Event: 12.544 GC heap before
{Heap before GC invocations=8 (full 0):
 PSYoungGen      total 35328K, used 29822K [0x00000000eab00000, 0x00000000eee00000, 0x0000000100000000)
  eden space 24064K, 100% used [0x00000000eab00000,0x00000000ec280000,0x00000000ec280000)
  from space 11264K, 51% used [0x00000000ec280000,0x00000000ec81fa70,0x00000000ecd80000)
  to   space 10240K, 0% used [0x00000000ee400000,0x00000000ee400000,0x00000000eee00000)
 ParOldGen       total 44032K, used 20177K [0x00000000c0000000, 0x00000000c2b00000, 0x00000000eab00000)
  object space 44032K, 45% used [0x00000000c0000000,0x00000000c13b47c8,0x00000000c2b00000)
 Metaspace       used 6261K, capacity 7152K, committed 7296K, reserved 1056768K
  class space    used 594K, capacity 616K, committed 640K, reserved 1048576K
Event: 12.614 GC heap after
Heap after GC invocations=8 (full 0):
 PSYoungGen      total 57344K, used 8512K [0x00000000eab00000, 0x00000000ef000000, 0x0000000100000000)
  eden space 47104K, 0% used [0x00000000eab00000,0x00000000eab00000,0x00000000ed900000)
  from space 10240K, 83% used [0x00000000ee400000,0x00000000eec50010,0x00000000eee00000)
  to   space 11264K, 0% used [0x00000000ed900000,0x00000000ed900000,0x00000000ee400000)
 ParOldGen       total 44032K, used 20823K [0x00000000c0000000, 0x00000000c2b00000, 0x00000000eab00000)
  object space 44032K, 47% used [0x00000000c0000000,0x00000000c1455e38,0x00000000c2b00000)
 Metaspace       used 6261K, capacity 7152K, committed 7296K, reserved 1056768K
  class space    used 594K, capacity 616K, committed 640K, reserved 1048576K
}
Event: 13.439 GC heap before
{Heap before GC invocations=9 (full 0):
 PSYoungGen      total 57344K, used 55616K [0x00000000eab00000, 0x00000000ef000000, 0x0000000100000000)
  eden space 47104K, 100% used [0x00000000eab00000,0x00000000ed900000,0x00000000ed900000)
  from space 10240K, 83% used [0x00000000ee400000,0x00000000eec50010,0x00000000eee00000)
  to   space 11264K, 0% used [0x00000000ed900000,0x00000000ed900000,0x00000000ee400000)
 ParOldGen       total 44032K, used 20823K [0x00000000c0000000, 0x00000000c2b00000, 0x00000000eab00000)
  object space 44032K, 47% used [0x00000000c0000000,0x00000000c1455e38,0x00000000c2b00000)
 Metaspace       used 6315K, capacity 7216K, committed 7296K, reserved 1056768K
  class space    used 594K, capacity 616K, committed 640K, reserved 1048576K
Event: 13.527 GC heap after
Heap after GC invocations=9 (full 0):
 PSYoungGen      total 58368K, used 11248K [0x00000000eab00000, 0x00000000f1200000, 0x0000000100000000)
  eden space 47104K, 0% used [0x00000000eab00000,0x00000000eab00000,0x00000000ed900000)
  from space 11264K, 99% used [0x00000000ed900000,0x00000000ee3fc030,0x00000000ee400000)
  to   space 14848K, 0% used [0x00000000f0380000,0x00000000f0380000,0x00000000f1200000)
 ParOldGen       total 44032K, used 26176K [0x00000000c0000000, 0x00000000c2b00000, 0x00000000eab00000)
  object space 44032K, 59% used [0x00000000c0000000,0x00000000c1990360,0x00000000c2b00000)
 Metaspace       used 6315K, capacity 7216K, committed 7296K, reserved 1056768K
  class space    used 594K, capacity 616K, committed 640K, reserved 1048576K
}
Event: 14.409 GC heap before
{Heap before GC invocations=10 (full 0):
 PSYoungGen      total 58368K, used 58352K [0x00000000eab00000, 0x00000000f1200000, 0x0000000100000000)
  eden space 47104K, 100% used [0x00000000eab00000,0x00000000ed900000,0x00000000ed900000)
  from space 11264K, 99% used [0x00000000ed900000,0x00000000ee3fc030,0x00000000ee400000)
  to   space 14848K, 0% used [0x00000000f0380000,0x00000000f0380000,0x00000000f1200000)
 ParOldGen       total 44032K, used 26176K [0x00000000c0000000, 0x00000000c2b00000, 0x00000000eab00000)
  object space 44032K, 59% used [0x00000000c0000000,0x00000000c1990360,0x00000000c2b00000)
 Metaspace       used 6343K, capacity 7216K, committed 7296K, reserved 1056768K
  class space    used 594K, capacity 616K, committed 640K, reserved 1048576K
Event: 14.781 GC heap after
Heap after GC invocations=10 (full 0):
 PSYoungGen      total 89600K, used 11829K [0x00000000eab00000, 0x00000000f1400000, 0x0000000100000000)
  eden space 74752K, 0% used [0x00000000eab00000,0x00000000eab00000,0x00000000ef400000)
  from space 14848K, 79% used [0x00000000f0380000,0x00000000f0f0d5f0,0x00000000f1200000)
  to   space 15872K, 0% used [0x00000000ef400000,0x00000000ef400000,0x00000000f0380000)
 ParOldGen       total 44032K, used 32756K [0x00000000c0000000, 0x00000000c2b00000, 0x00000000eab00000)
  object space 44032K, 74% used [0x00000000c0000000,0x00000000c1ffd0a8,0x00000000c2b00000)
 Metaspace       used 6343K, capacity 7216K, committed 7296K, reserved 1056768K
  class space    used 594K, capacity 616K, committed 640K, reserved 1048576K
}
Event: 21.908 GC heap before
{Heap before GC invocations=11 (full 0):
 PSYoungGen      total 89600K, used 86581K [0x00000000eab00000, 0x00000000f1400000, 0x0000000100000000)
  eden space 74752K, 100% used [0x00000000eab00000,0x00000000ef400000,0x00000000ef400000)
  from space 14848K, 79% used [0x00000000f0380000,0x00000000f0f0d5f0,0x00000000f1200000)
  to   space 15872K, 0% used [0x00000000ef400000,0x00000000ef400000,0x00000000f0380000)
 ParOldGen       total 44032K, used 32756K [0x00000000c0000000, 0x00000000c2b00000, 0x00000000eab00000)
  object space 44032K, 74% used [0x00000000c0000000,0x00000000c1ffd0a8,0x00000000c2b00000)
 Metaspace       used 6455K, capacity 7256K, committed 7424K, reserved 1056768K
  class space    used 615K, capacity 656K, committed 768K, reserved 1048576K
Event: 22.337 GC heap after
Heap after GC invocations=11 (full 0):
 PSYoungGen      total 90624K, used 11999K [0x00000000eab00000, 0x00000000f4100000, 0x0000000100000000)
  eden space 74752K, 0% used [0x00000000eab00000,0x00000000eab00000,0x00000000ef400000)
  from space 15872K, 75% used [0x00000000ef400000,0x00000000effb7c18,0x00000000f0380000)
  to   space 16896K, 0% used [0x00000000f3080000,0x00000000f3080000,0x00000000f4100000)
 ParOldGen       total 44544K, used 44183K [0x00000000c0000000, 0x00000000c2b80000, 0x00000000eab00000)
  object space 44544K, 99% used [0x00000000c0000000,0x00000000c2b25eb8,0x00000000c2b80000)
 Metaspace       used 6455K, capacity 7256K, committed 7424K, reserved 1056768K
  class space    used 615K, capacity 656K, committed 768K, reserved 1048576K
}
Event: 22.337 GC heap before
{Heap before GC invocations=12 (full 1):
 PSYoungGen      total 90624K, used 11999K [0x00000000eab00000, 0x00000000f4100000, 0x0000000100000000)
  eden space 74752K, 0% used [0x00000000eab00000,0x00000000eab00000,0x00000000ef400000)
  from space 15872K, 75% used [0x00000000ef400000,0x00000000effb7c18,0x00000000f0380000)
  to   space 16896K, 0% used [0x00000000f3080000,0x00000000f3080000,0x00000000f4100000)
 ParOldGen       total 44544K, used 44183K [0x00000000c0000000, 0x00000000c2b80000, 0x00000000eab00000)
  object space 44544K, 99% used [0x00000000c0000000,0x00000000c2b25eb8,0x00000000c2b80000)
 Metaspace       used 6455K, capacity 7256K, committed 7424K, reserved 1056768K
  class space    used 615K, capacity 656K, committed 768K, reserved 1048576K
Event: 27.592 GC heap after
Heap after GC invocations=12 (full 1):
 PSYoungGen      total 90624K, used 6244K [0x00000000eab00000, 0x00000000f4100000, 0x0000000100000000)
  eden space 74752K, 0% used [0x00000000eab00000,0x00000000eab00000,0x00000000ef400000)
  from space 15872K, 39% used [0x00000000ef400000,0x00000000efa19018,0x00000000f0380000)
  to   space 16896K, 0% used [0x00000000f3080000,0x00000000f3080000,0x00000000f4100000)
 ParOldGen       total 44544K, used 44444K [0x00000000c0000000, 0x00000000c2b80000, 0x00000000eab00000)
  object space 44544K, 99% used [0x00000000c0000000,0x00000000c2b67000,0x00000000c2b80000)
 Metaspace       used 6455K, capacity 7256K, committed 7424K, reserved 1056768K
  class space    used 615K, capacity 656K, committed 768K, reserved 1048576K
}

